<?xml version="1.0" encoding="UTF-8"?>
<!-- Generated by org.testng.reporters.JUnitXMLReporter -->
<testsuite hostname="SHMITTAL-W7-4" ignored="0" name="testNG test" tests="25" failures="1" timestamp="20 Jun 2018 15:39:13 GMT" time="129.384" errors="0">
  <testcase name="verifyComputerCreationWithAllValidDetails" time="3.429" classname="functional.CreateComputer"/>
  <testcase name="verifyComputerCreationWithDuplicateName" time="5.979" classname="functional.CreateComputer"/>
  <testcase name="verifyComputerCreationWithLastCompanyInList" time="3.063" classname="functional.CreateComputer"/>
  <testcase name="verifyComputerIntroducedDateCanBeAfterDiscontinuedDate" time="3.128" classname="functional.CreateComputer"/>
  <testcase name="verifyComputerIntroducedDateCanBeSameAsDiscontinuedDate" time="3.134" classname="functional.CreateComputer"/>
  <testcase name="verifyComputerNameIsMandatory" time="0.572" classname="functional.CreateComputer"/>
  <testcase name="verifyInvalidDateFormateInDiscontinuedDateIsNotAccepted" time="1.97" classname="functional.CreateComputer"/>
  <testcase name="verifyInvalidDateFormateInIntroducedDateIsNotAccepted" time="1.866" classname="functional.CreateComputer"/>
  <testcase name="verifyInvalidDateInDiscontinuedDateIsNotAccepted" time="1.984" classname="functional.CreateComputer"/>
  <testcase name="verifyInvalidDateInIntroducedDateIsNotAccepted" time="1.861" classname="functional.CreateComputer"/>
  <testcase name="verifyOnlyComputerNameIsMandatory" time="2.736" classname="functional.CreateComputer"/>
  <testcase name="verifyStaticContent" time="0.357" classname="functional.CreateComputer"/>
  <testcase name="verifyValidDateFormate" time="2.799" classname="functional.CreateComputer"/>
  <testcase name="verifyValidDateFormatesAreAccepted" time="3.214" classname="functional.CreateComputer"/>
  <testcase name="verifyComputerCreationWithDuplicateName" time="7.297" classname="functional.DeleteCreatedComputer"/>
  <testcase name="verifyComputerDeletionWithAllValidDetails" time="4.263" classname="functional.DeleteCreatedComputer"/>
  <testcase name="verifyComputerCreationWithAllValidDetails" time="2.759" classname="functional.RetrieveCreatedComputer"/>
  <testcase name="verifyDetailsForComputerWithOnlyName" time="2.54" classname="functional.RetrieveCreatedComputer"/>
  <testcase name="verifyValidDateFormate" time="1.582" classname="functional.RetrieveCreatedComputer">
    <failure type="java.lang.AssertionError" message="expected:&amp;lt;04 Feb 0018&amp;gt; but was:&amp;lt;02 Feb 0018&amp;gt;">
      <![CDATA[java.lang.AssertionError: expected:<04 Feb 0018> but was:<02 Feb 0018>
at org.testng.AssertJUnit.assertEquals(AssertJUnit.java:101)
at org.testng.AssertJUnit.assertEquals(AssertJUnit.java:108)
at functional.RetrieveCreatedComputer.verifyValidDateFormate(RetrieveCreatedComputer.java:63)
at sun.reflect.NativeMethodAccessorImpl.invoke0(Native Method)
at sun.reflect.NativeMethodAccessorImpl.invoke(NativeMethodAccessorImpl.java:62)
at sun.reflect.DelegatingMethodAccessorImpl.invoke(DelegatingMethodAccessorImpl.java:43)
at java.lang.reflect.Method.invoke(Method.java:497)
at org.testng.internal.MethodInvocationHelper.invokeMethod(MethodInvocationHelper.java:124)
at org.testng.internal.Invoker.invokeMethod(Invoker.java:583)
at org.testng.internal.Invoker.invokeTestMethod(Invoker.java:719)
at org.testng.internal.Invoker.invokeTestMethods(Invoker.java:989)
at org.testng.internal.TestMethodWorker.invokeTestMethods(TestMethodWorker.java:125)
at org.testng.internal.TestMethodWorker.run(TestMethodWorker.java:109)
at org.testng.TestRunner.privateRun(TestRunner.java:648)
at org.testng.TestRunner.run(TestRunner.java:505)
at org.testng.SuiteRunner.runTest(SuiteRunner.java:455)
at org.testng.SuiteRunner.runSequentially(SuiteRunner.java:450)
at org.testng.SuiteRunner.privateRun(SuiteRunner.java:415)
at org.testng.SuiteRunner.run(SuiteRunner.java:364)
at org.testng.SuiteRunnerWorker.runSuite(SuiteRunnerWorker.java:52)
at org.testng.SuiteRunnerWorker.run(SuiteRunnerWorker.java:84)
at org.testng.TestNG.runSuitesSequentially(TestNG.java:1208)
at org.testng.TestNG.runSuitesLocally(TestNG.java:1137)
at org.testng.TestNG.runSuites(TestNG.java:1049)
at org.testng.TestNG.run(TestNG.java:1017)
at org.testng.remote.AbstractRemoteTestNG.run(AbstractRemoteTestNG.java:114)
at org.testng.remote.RemoteTestNG.initAndRun(RemoteTestNG.java:251)
at org.testng.remote.RemoteTestNG.main(RemoteTestNG.java:77)
]]>
    </failure>
  </testcase> <!-- verifyValidDateFormate -->
  <testcase name="updateComputerAddAllDetails" time="7.621" classname="functional.UpdateCreatedComputer"/>
  <testcase name="updateComputerRemoveCompanyAndDates" time="6.555" classname="functional.UpdateCreatedComputer"/>
  <testcase name="updateComputerWithBlankName" time="5.555" classname="functional.UpdateCreatedComputer"/>
  <testcase name="updateComputerWithDuplicateName" time="9.221" classname="functional.UpdateCreatedComputer"/>
  <testcase name="updateComputerWithNewName" time="6.396" classname="functional.UpdateCreatedComputer"/>
  <testcase name="updateComputerWithoutChanges" time="5.563" classname="functional.UpdateCreatedComputer"/>
</testsuite> <!-- testNG test -->
